# JRE version: OpenJDK Runtime Environment Temurin-21.0.9+10 (21.0.9+10) (build 21.0.9+10-LTS)
# Java VM: OpenJDK 64-Bit Server VM Temurin-21.0.9+10 (21.0.9+10-LTS, mixed mode, sharing, tiered, compressed oops, compressed class ptrs, parallel gc, windows-amd64)
GC Precious Log:
 CardTable entry size: 512
 CPUs: 12 total, 12 available
 Memory: 16027M
 Large Page Support: Disabled
 NUMA Support: Disabled
 Compressed Oops: Enabled (32-bit)
 Alignments: Space 512K, Generation 512K, Heap 2M
 Heap Min Capacity: 100M
 Heap Initial Capacity: 100M
 Heap Max Capacity: 2G
 Pre-touch: Disabled
 Parallel Workers: 10
Heap:
 PSYoungGen      total 14848K, used 6119K [0x00000000d5580000, 0x00000000d6b00000, 0x0000000100000000)
  eden space 8704K, 0% used [0x00000000d5580000,0x00000000d5580000,0x00000000d5e00000)
  from space 6144K, 99% used [0x00000000d6500000,0x00000000d6af9e90,0x00000000d6b00000)
  to   space 6144K, 0% used [0x00000000d5f00000,0x00000000d5f00000,0x00000000d6500000)
 ParOldGen       total 118272K, used 117779K [0x0000000080000000, 0x0000000087380000, 0x00000000d5580000)
  object space 118272K, 99% used [0x0000000080000000,0x0000000087304e08,0x0000000087380000)
 Metaspace       used 65030K, committed 66368K, reserved 1114112K
  class space    used 7033K, committed 7552K, reserved 1048576K
GC Heap History (20 events):
Event: 31.432 GC heap before
{Heap before GC invocations=35 (full 2):
 PSYoungGen      total 22016K, used 20977K [0x00000000d5580000, 0x00000000d6d00000, 0x0000000100000000)
  eden space 20480K, 95% used [0x00000000d5580000,0x00000000d689c530,0x00000000d6980000)
  from space 1536K, 91% used [0x00000000d6b80000,0x00000000d6ce00a0,0x00000000d6d00000)
  to   space 1536K, 0% used [0x00000000d6a00000,0x00000000d6a00000,0x00000000d6b80000)
 ParOldGen       total 68608K, used 45181K [0x0000000080000000, 0x0000000084300000, 0x00000000d5580000)
  object space 68608K, 65% used [0x0000000080000000,0x0000000082c1f718,0x0000000084300000)
 Metaspace       used 58608K, committed 59776K, reserved 1114112K
  class space    used 6400K, committed 6912K, reserved 1048576K
}
Event: 31.434 GC heap after
{Heap after GC invocations=35 (full 2):
 PSYoungGen      total 21504K, used 824K [0x00000000d5580000, 0x00000000d6c80000, 0x0000000100000000)
  eden space 20480K, 0% used [0x00000000d5580000,0x00000000d5580000,0x00000000d6980000)
  from space 1024K, 80% used [0x00000000d6a00000,0x00000000d6ace1d8,0x00000000d6b00000)
  to   space 1536K, 0% used [0x00000000d6b00000,0x00000000d6b00000,0x00000000d6c80000)
 ParOldGen       total 68608K, used 45533K [0x0000000080000000, 0x0000000084300000, 0x00000000d5580000)
  object space 68608K, 66% used [0x0000000080000000,0x0000000082c77718,0x0000000084300000)
 Metaspace       used 58608K, committed 59776K, reserved 1114112K
  class space    used 6400K, committed 6912K, reserved 1048576K
}
Event: 31.434 GC heap before
{Heap before GC invocations=36 (full 3):
 PSYoungGen      total 21504K, used 824K [0x00000000d5580000, 0x00000000d6c80000, 0x0000000100000000)
  eden space 20480K, 0% used [0x00000000d5580000,0x00000000d5580000,0x00000000d6980000)
  from space 1024K, 80% used [0x00000000d6a00000,0x00000000d6ace1d8,0x00000000d6b00000)
  to   space 1536K, 0% used [0x00000000d6b00000,0x00000000d6b00000,0x00000000d6c80000)
 ParOldGen       total 68608K, used 45533K [0x0000000080000000, 0x0000000084300000, 0x00000000d5580000)
  object space 68608K, 66% used [0x0000000080000000,0x0000000082c77718,0x0000000084300000)
 Metaspace       used 58608K, committed 59776K, reserved 1114112K
  class space    used 6400K, committed 6912K, reserved 1048576K
}
Event: 31.497 GC heap after
{Heap after GC invocations=36 (full 3):
 PSYoungGen      total 21504K, used 0K [0x00000000d5580000, 0x00000000d6c80000, 0x0000000100000000)
  eden space 20480K, 0% used [0x00000000d5580000,0x00000000d5580000,0x00000000d6980000)
  from space 1024K, 0% used [0x00000000d6a00000,0x00000000d6a00000,0x00000000d6b00000)
  to   space 1536K, 0% used [0x00000000d6b00000,0x00000000d6b00000,0x00000000d6c80000)
 ParOldGen       total 68608K, used 41523K [0x0000000080000000, 0x0000000084300000, 0x00000000d5580000)
  object space 68608K, 60% used [0x0000000080000000,0x000000008288cd88,0x0000000084300000)
 Metaspace       used 58608K, committed 59776K, reserved 1114112K
  class space    used 6400K, committed 6912K, reserved 1048576K
}
Event: 31.979 GC heap before
{Heap before GC invocations=37 (full 3):
 PSYoungGen      total 21504K, used 20480K [0x00000000d5580000, 0x00000000d6c80000, 0x0000000100000000)
  eden space 20480K, 100% used [0x00000000d5580000,0x00000000d6980000,0x00000000d6980000)
  from space 1024K, 0% used [0x00000000d6a00000,0x00000000d6a00000,0x00000000d6b00000)
  to   space 1536K, 0% used [0x00000000d6b00000,0x00000000d6b00000,0x00000000d6c80000)
 ParOldGen       total 68608K, used 41523K [0x0000000080000000, 0x0000000084300000, 0x00000000d5580000)
  object space 68608K, 60% used [0x0000000080000000,0x000000008288cd88,0x0000000084300000)
 Metaspace       used 61221K, committed 62464K, reserved 1114112K
  class space    used 6651K, committed 7168K, reserved 1048576K
}
Event: 31.982 GC heap after
{Heap after GC invocations=37 (full 3):
 PSYoungGen      total 21504K, used 1514K [0x00000000d5580000, 0x00000000d6d80000, 0x0000000100000000)
  eden space 19968K, 0% used [0x00000000d5580000,0x00000000d5580000,0x00000000d6900000)
  from space 1536K, 98% used [0x00000000d6b00000,0x00000000d6c7aa18,0x00000000d6c80000)
  to   space 2048K, 0% used [0x00000000d6900000,0x00000000d6900000,0x00000000d6b00000)
 ParOldGen       total 68608K, used 41592K [0x0000000080000000, 0x0000000084300000, 0x00000000d5580000)
  object space 68608K, 60% used [0x0000000080000000,0x000000008289e028,0x0000000084300000)
 Metaspace       used 61221K, committed 62464K, reserved 1114112K
  class space    used 6651K, committed 7168K, reserved 1048576K
}
Event: 32.320 GC heap before
{Heap before GC invocations=38 (full 3):
 PSYoungGen      total 21504K, used 21224K [0x00000000d5580000, 0x00000000d6d80000, 0x0000000100000000)
  eden space 19968K, 98% used [0x00000000d5580000,0x00000000d68bf5f0,0x00000000d6900000)
  from space 1536K, 98% used [0x00000000d6b00000,0x00000000d6c7aa18,0x00000000d6c80000)
  to   space 2048K, 0% used [0x00000000d6900000,0x00000000d6900000,0x00000000d6b00000)
 ParOldGen       total 68608K, used 41592K [0x0000000080000000, 0x0000000084300000, 0x00000000d5580000)
  object space 68608K, 60% used [0x0000000080000000,0x000000008289e028,0x0000000084300000)
 Metaspace       used 62947K, committed 64192K, reserved 1114112K
  class space    used 6827K, committed 7360K, reserved 1048576K
}
Event: 32.323 GC heap after
{Heap after GC invocations=38 (full 3):
 PSYoungGen      total 22016K, used 1984K [0x00000000d5580000, 0x00000000d6e00000, 0x0000000100000000)
  eden space 19968K, 0% used [0x00000000d5580000,0x00000000d5580000,0x00000000d6900000)
  from space 2048K, 96% used [0x00000000d6900000,0x00000000d6af0028,0x00000000d6b00000)
  to   space 2560K, 0% used [0x00000000d6b80000,0x00000000d6b80000,0x00000000d6e00000)
 ParOldGen       total 68608K, used 42952K [0x0000000080000000, 0x0000000084300000, 0x00000000d5580000)
  object space 68608K, 62% used [0x0000000080000000,0x00000000829f2020,0x0000000084300000)
 Metaspace       used 62947K, committed 64192K, reserved 1114112K
  class space    used 6827K, committed 7360K, reserved 1048576K
}
Event: 32.600 GC heap before
{Heap before GC invocations=39 (full 3):
 PSYoungGen      total 22016K, used 21952K [0x00000000d5580000, 0x00000000d6e00000, 0x0000000100000000)
  eden space 19968K, 100% used [0x00000000d5580000,0x00000000d6900000,0x00000000d6900000)
  from space 2048K, 96% used [0x00000000d6900000,0x00000000d6af0028,0x00000000d6b00000)
  to   space 2560K, 0% used [0x00000000d6b80000,0x00000000d6b80000,0x00000000d6e00000)
 ParOldGen       total 68608K, used 42953K [0x0000000080000000, 0x0000000084300000, 0x00000000d5580000)
  object space 68608K, 62% used [0x0000000080000000,0x00000000829f2410,0x0000000084300000)
 Metaspace       used 63958K, committed 65280K, reserved 1114112K
  class space    used 6933K, committed 7488K, reserved 1048576K
}
Event: 32.602 GC heap after
{Heap after GC invocations=39 (full 3):
 PSYoungGen      total 18432K, used 2533K [0x00000000d5580000, 0x00000000d7600000, 0x0000000100000000)
  eden space 15872K, 0% used [0x00000000d5580000,0x00000000d5580000,0x00000000d6500000)
  from space 2560K, 98% used [0x00000000d6b80000,0x00000000d6df9490,0x00000000d6e00000)
  to   space 6656K, 0% used [0x00000000d6500000,0x00000000d6500000,0x00000000d6b80000)
 ParOldGen       total 68608K, used 46126K [0x0000000080000000, 0x0000000084300000, 0x00000000d5580000)
  object space 68608K, 67% used [0x0000000080000000,0x0000000082d0b938,0x0000000084300000)
 Metaspace       used 63958K, committed 65280K, reserved 1114112K
  class space    used 6933K, committed 7488K, reserved 1048576K
}
Event: 32.692 GC heap before
{Heap before GC invocations=40 (full 3):
 PSYoungGen      total 18432K, used 18405K [0x00000000d5580000, 0x00000000d7600000, 0x0000000100000000)
  eden space 15872K, 100% used [0x00000000d5580000,0x00000000d6500000,0x00000000d6500000)
  from space 2560K, 98% used [0x00000000d6b80000,0x00000000d6df9490,0x00000000d6e00000)
  to   space 6656K, 0% used [0x00000000d6500000,0x00000000d6500000,0x00000000d6b80000)
 ParOldGen       total 95232K, used 91127K [0x0000000080000000, 0x0000000085d00000, 0x00000000d5580000)
  object space 95232K, 95% used [0x0000000080000000,0x00000000858fde00,0x0000000085d00000)
 Metaspace       used 64549K, committed 65856K, reserved 1114112K
  class space    used 6995K, committed 7552K, reserved 1048576K
}
Event: 32.695 GC heap after
{Heap after GC invocations=40 (full 3):
 PSYoungGen      total 18944K, used 2864K [0x00000000d5580000, 0x00000000d6d00000, 0x0000000100000000)
  eden space 15872K, 0% used [0x00000000d5580000,0x00000000d5580000,0x00000000d6500000)
  from space 3072K, 93% used [0x00000000d6500000,0x00000000d67cc030,0x00000000d6800000)
  to   space 4096K, 0% used [0x00000000d6900000,0x00000000d6900000,0x00000000d6d00000)
 ParOldGen       total 95232K, used 91615K [0x0000000080000000, 0x0000000085d00000, 0x00000000d5580000)
  object space 95232K, 96% used [0x0000000080000000,0x0000000085977f50,0x0000000085d00000)
 Metaspace       used 64549K, committed 65856K, reserved 1114112K
  class space    used 6995K, committed 7552K, reserved 1048576K
}
Event: 32.757 GC heap before
{Heap before GC invocations=41 (full 3):
 PSYoungGen      total 18944K, used 18736K [0x00000000d5580000, 0x00000000d6d00000, 0x0000000100000000)
  eden space 15872K, 100% used [0x00000000d5580000,0x00000000d6500000,0x00000000d6500000)
  from space 3072K, 93% used [0x00000000d6500000,0x00000000d67cc030,0x00000000d6800000)
  to   space 4096K, 0% used [0x00000000d6900000,0x00000000d6900000,0x00000000d6d00000)
 ParOldGen       total 95232K, used 91615K [0x0000000080000000, 0x0000000085d00000, 0x00000000d5580000)
  object space 95232K, 96% used [0x0000000080000000,0x0000000085977f50,0x0000000085d00000)
 Metaspace       used 64799K, committed 66112K, reserved 1114112K
  class space    used 7020K, committed 7552K, reserved 1048576K
}
Event: 32.763 GC heap after
{Heap after GC invocations=41 (full 3):
 PSYoungGen      total 12800K, used 4083K [0x00000000d5580000, 0x00000000d7b00000, 0x0000000100000000)
  eden space 8704K, 0% used [0x00000000d5580000,0x00000000d5580000,0x00000000d5e00000)
  from space 4096K, 99% used [0x00000000d6900000,0x00000000d6cfcf40,0x00000000d6d00000)
  to   space 11264K, 0% used [0x00000000d5e00000,0x00000000d5e00000,0x00000000d6900000)
 ParOldGen       total 97792K, used 97378K [0x0000000080000000, 0x0000000085f80000, 0x00000000d5580000)
  object space 97792K, 99% used [0x0000000080000000,0x0000000085f18af0,0x0000000085f80000)
 Metaspace       used 64799K, committed 66112K, reserved 1114112K
  class space    used 7020K, committed 7552K, reserved 1048576K
}
Event: 32.788 GC heap before
{Heap before GC invocations=42 (full 3):
 PSYoungGen      total 12800K, used 12787K [0x00000000d5580000, 0x00000000d7b00000, 0x0000000100000000)
  eden space 8704K, 100% used [0x00000000d5580000,0x00000000d5e00000,0x00000000d5e00000)
  from space 4096K, 99% used [0x00000000d6900000,0x00000000d6cfcf40,0x00000000d6d00000)
  to   space 11264K, 0% used [0x00000000d5e00000,0x00000000d5e00000,0x00000000d6900000)
 ParOldGen       total 97792K, used 97378K [0x0000000080000000, 0x0000000085f80000, 0x00000000d5580000)
  object space 97792K, 99% used [0x0000000080000000,0x0000000085f18af0,0x0000000085f80000)
 Metaspace       used 64856K, committed 66176K, reserved 1114112K
  class space    used 7024K, committed 7552K, reserved 1048576K
}
Event: 32.793 GC heap after
{Heap after GC invocations=42 (full 3):
 PSYoungGen      total 14848K, used 5915K [0x00000000d5580000, 0x00000000d6d00000, 0x0000000100000000)
  eden space 8704K, 0% used [0x00000000d5580000,0x00000000d5580000,0x00000000d5e00000)
  from space 6144K, 96% used [0x00000000d5e00000,0x00000000d63c6fb8,0x00000000d6400000)
  to   space 7680K, 0% used [0x00000000d6580000,0x00000000d6580000,0x00000000d6d00000)
 ParOldGen       total 101376K, used 101183K [0x0000000080000000, 0x0000000086300000, 0x00000000d5580000)
  object space 101376K, 99% used [0x0000000080000000,0x00000000862cffc0,0x0000000086300000)
 Metaspace       used 64856K, committed 66176K, reserved 1114112K
  class space    used 7024K, committed 7552K, reserved 1048576K
}
Event: 32.813 GC heap before
{Heap before GC invocations=43 (full 3):
 PSYoungGen      total 14848K, used 14619K [0x00000000d5580000, 0x00000000d6d00000, 0x0000000100000000)
  eden space 8704K, 100% used [0x00000000d5580000,0x00000000d5e00000,0x00000000d5e00000)
  from space 6144K, 96% used [0x00000000d5e00000,0x00000000d63c6fb8,0x00000000d6400000)
  to   space 7680K, 0% used [0x00000000d6580000,0x00000000d6580000,0x00000000d6d00000)
 ParOldGen       total 101376K, used 101183K [0x0000000080000000, 0x0000000086300000, 0x00000000d5580000)
  object space 101376K, 99% used [0x0000000080000000,0x00000000862cffc0,0x0000000086300000)
 Metaspace       used 64942K, committed 66240K, reserved 1114112K
  class space    used 7028K, committed 7552K, reserved 1048576K
}
Event: 32.819 GC heap after
{Heap after GC invocations=43 (full 3):
 PSYoungGen      total 14336K, used 5307K [0x00000000d5580000, 0x00000000d6b00000, 0x0000000100000000)
  eden space 8704K, 0% used [0x00000000d5580000,0x00000000d5580000,0x00000000d5e00000)
  from space 5632K, 94% used [0x00000000d6580000,0x00000000d6aaecd0,0x00000000d6b00000)
  to   space 6144K, 0% used [0x00000000d5f00000,0x00000000d5f00000,0x00000000d6500000)
 ParOldGen       total 107008K, used 106743K [0x0000000080000000, 0x0000000086880000, 0x00000000d5580000)
  object space 107008K, 99% used [0x0000000080000000,0x000000008683dfc0,0x0000000086880000)
 Metaspace       used 64942K, committed 66240K, reserved 1114112K
  class space    used 7028K, committed 7552K, reserved 1048576K
}
Event: 32.852 GC heap before
{Heap before GC invocations=44 (full 3):
 PSYoungGen      total 14336K, used 14011K [0x00000000d5580000, 0x00000000d6b00000, 0x0000000100000000)
  eden space 8704K, 100% used [0x00000000d5580000,0x00000000d5e00000,0x00000000d5e00000)
  from space 5632K, 94% used [0x00000000d6580000,0x00000000d6aaecd0,0x00000000d6b00000)
  to   space 6144K, 0% used [0x00000000d5f00000,0x00000000d5f00000,0x00000000d6500000)
 ParOldGen       total 107008K, used 106743K [0x0000000080000000, 0x0000000086880000, 0x00000000d5580000)
  object space 107008K, 99% used [0x0000000080000000,0x000000008683dfc0,0x0000000086880000)
 Metaspace       used 65023K, committed 66304K, reserved 1114112K
  class space    used 7030K, committed 7552K, reserved 1048576K
}
Event: 32.858 GC heap after
{Heap after GC invocations=44 (full 3):
 PSYoungGen      total 14848K, used 6023K [0x00000000d5580000, 0x00000000d6b00000, 0x0000000100000000)
  eden space 8704K, 0% used [0x00000000d5580000,0x00000000d5580000,0x00000000d5e00000)
  from space 6144K, 98% used [0x00000000d5f00000,0x00000000d64e1df0,0x00000000d6500000)
  to   space 6144K, 0% used [0x00000000d6500000,0x00000000d6500000,0x00000000d6b00000)
 ParOldGen       total 112128K, used 111864K [0x0000000080000000, 0x0000000086d80000, 0x00000000d5580000)
  object space 112128K, 99% used [0x0000000080000000,0x0000000086d3e120,0x0000000086d80000)
 Metaspace       used 65023K, committed 66304K, reserved 1114112K
  class space    used 7030K, committed 7552K, reserved 1048576K
}

