# JRE version: OpenJDK Runtime Environment Temurin-21.0.9+10 (21.0.9+10) (build 21.0.9+10-LTS)
# Java VM: OpenJDK 64-Bit Server VM Temurin-21.0.9+10 (21.0.9+10-LTS, mixed mode, sharing, tiered, compressed oops, compressed class ptrs, parallel gc, windows-amd64)
GC Precious Log:
 CardTable entry size: 512
 CPUs: 12 total, 12 available
 Memory: 16027M
 Large Page Support: Disabled
 NUMA Support: Disabled
 Compressed Oops: Enabled (32-bit)
 Alignments: Space 512K, Generation 512K, Heap 2M
 Heap Min Capacity: 100M
 Heap Initial Capacity: 100M
 Heap Max Capacity: 2G
 Pre-touch: Disabled
 Parallel Workers: 10
Heap:
 PSYoungGen      total 15360K, used 15307K [0x00000000d5580000, 0x00000000d6900000, 0x0000000100000000)
  eden space 14848K, 99% used [0x00000000d5580000,0x00000000d63fac88,0x00000000d6400000)
  from space 512K, 93% used [0x00000000d6780000,0x00000000d67f8000,0x00000000d6800000)
  to   space 1024K, 97% used [0x00000000d6800000,0x00000000d68fa5d0,0x00000000d6900000)
 ParOldGen       total 79360K, used 79353K [0x0000000080000000, 0x0000000084d80000, 0x00000000d5580000)
  object space 79360K, 99% used [0x0000000080000000,0x0000000084d7e6b8,0x0000000084d80000)
 Metaspace       used 68055K, committed 69504K, reserved 1114112K
  class space    used 7154K, committed 7744K, reserved 1048576K
GC Heap History (20 events):
Event: 23.867 GC heap before
{Heap before GC invocations=53 (full 3):
 PSYoungGen      total 21504K, used 21488K [0x00000000d5580000, 0x00000000d7080000, 0x0000000100000000)
  eden space 19456K, 100% used [0x00000000d5580000,0x00000000d6880000,0x00000000d6880000)
  from space 2048K, 99% used [0x00000000d6a00000,0x00000000d6bfc2f0,0x00000000d6c00000)
  to   space 4096K, 0% used [0x00000000d6c80000,0x00000000d6c80000,0x00000000d7080000)
 ParOldGen       total 68608K, used 62849K [0x0000000080000000, 0x0000000084300000, 0x00000000d5580000)
  object space 68608K, 91% used [0x0000000080000000,0x0000000083d60508,0x0000000084300000)
 Metaspace       used 66555K, committed 67968K, reserved 1114112K
  class space    used 7057K, committed 7680K, reserved 1048576K
}
Event: 23.869 GC heap after
{Heap after GC invocations=53 (full 3):
 PSYoungGen      total 20992K, used 1152K [0x00000000d5580000, 0x00000000d6e00000, 0x0000000100000000)
  eden space 19456K, 0% used [0x00000000d5580000,0x00000000d5580000,0x00000000d6880000)
  from space 1536K, 75% used [0x00000000d6c80000,0x00000000d6da0000,0x00000000d6e00000)
  to   space 2048K, 0% used [0x00000000d6a00000,0x00000000d6a00000,0x00000000d6c00000)
 ParOldGen       total 68608K, used 64593K [0x0000000080000000, 0x0000000084300000, 0x00000000d5580000)
  object space 68608K, 94% used [0x0000000080000000,0x0000000083f147f8,0x0000000084300000)
 Metaspace       used 66555K, committed 67968K, reserved 1114112K
  class space    used 7057K, committed 7680K, reserved 1048576K
}
Event: 25.126 GC heap before
{Heap before GC invocations=54 (full 3):
 PSYoungGen      total 20992K, used 20608K [0x00000000d5580000, 0x00000000d6e00000, 0x0000000100000000)
  eden space 19456K, 100% used [0x00000000d5580000,0x00000000d6880000,0x00000000d6880000)
  from space 1536K, 75% used [0x00000000d6c80000,0x00000000d6da0000,0x00000000d6e00000)
  to   space 2048K, 0% used [0x00000000d6a00000,0x00000000d6a00000,0x00000000d6c00000)
 ParOldGen       total 68608K, used 64593K [0x0000000080000000, 0x0000000084300000, 0x00000000d5580000)
  object space 68608K, 94% used [0x0000000080000000,0x0000000083f147f8,0x0000000084300000)
 Metaspace       used 66677K, committed 68160K, reserved 1114112K
  class space    used 7058K, committed 7680K, reserved 1048576K
}
Event: 25.130 GC heap after
{Heap after GC invocations=54 (full 3):
 PSYoungGen      total 21504K, used 304K [0x00000000d5580000, 0x00000000d6d00000, 0x0000000100000000)
  eden space 19456K, 0% used [0x00000000d5580000,0x00000000d5580000,0x00000000d6880000)
  from space 2048K, 14% used [0x00000000d6a00000,0x00000000d6a4c010,0x00000000d6c00000)
  to   space 1024K, 0% used [0x00000000d6c00000,0x00000000d6c00000,0x00000000d6d00000)
 ParOldGen       total 68608K, used 65601K [0x0000000080000000, 0x0000000084300000, 0x00000000d5580000)
  object space 68608K, 95% used [0x0000000080000000,0x00000000840107f8,0x0000000084300000)
 Metaspace       used 66677K, committed 68160K, reserved 1114112K
  class space    used 7058K, committed 7680K, reserved 1048576K
}
Event: 26.173 GC heap before
{Heap before GC invocations=55 (full 3):
 PSYoungGen      total 21504K, used 19732K [0x00000000d5580000, 0x00000000d6d00000, 0x0000000100000000)
  eden space 19456K, 99% used [0x00000000d5580000,0x00000000d6879340,0x00000000d6880000)
  from space 2048K, 14% used [0x00000000d6a00000,0x00000000d6a4c010,0x00000000d6c00000)
  to   space 1024K, 0% used [0x00000000d6c00000,0x00000000d6c00000,0x00000000d6d00000)
 ParOldGen       total 68608K, used 65601K [0x0000000080000000, 0x0000000084300000, 0x00000000d5580000)
  object space 68608K, 95% used [0x0000000080000000,0x00000000840107f8,0x0000000084300000)
 Metaspace       used 66811K, committed 68288K, reserved 1114112K
  class space    used 7067K, committed 7680K, reserved 1048576K
}
Event: 26.176 GC heap after
{Heap after GC invocations=55 (full 3):
 PSYoungGen      total 15872K, used 1001K [0x00000000d5580000, 0x00000000d7880000, 0x0000000100000000)
  eden space 14848K, 0% used [0x00000000d5580000,0x00000000d5580000,0x00000000d6400000)
  from space 1024K, 97% used [0x00000000d6c00000,0x00000000d6cfa5d0,0x00000000d6d00000)
  to   space 8192K, 0% used [0x00000000d6400000,0x00000000d6400000,0x00000000d6c00000)
 ParOldGen       total 71680K, used 71504K [0x0000000080000000, 0x0000000084600000, 0x00000000d5580000)
  object space 71680K, 99% used [0x0000000080000000,0x00000000845d40b8,0x0000000084600000)
 Metaspace       used 66811K, committed 68288K, reserved 1114112K
  class space    used 7067K, committed 7680K, reserved 1048576K
}
Event: 26.225 GC heap before
{Heap before GC invocations=56 (full 3):
 PSYoungGen      total 15872K, used 15849K [0x00000000d5580000, 0x00000000d7880000, 0x0000000100000000)
  eden space 14848K, 100% used [0x00000000d5580000,0x00000000d6400000,0x00000000d6400000)
  from space 1024K, 97% used [0x00000000d6c00000,0x00000000d6cfa5d0,0x00000000d6d00000)
  to   space 8192K, 0% used [0x00000000d6400000,0x00000000d6400000,0x00000000d6c00000)
 ParOldGen       total 71680K, used 71504K [0x0000000080000000, 0x0000000084600000, 0x00000000d5580000)
  object space 71680K, 99% used [0x0000000080000000,0x00000000845d40b8,0x0000000084600000)
 Metaspace       used 66829K, committed 68288K, reserved 1114112K
  class space    used 7067K, committed 7680K, reserved 1048576K
}
Event: 26.229 GC heap after
{Heap after GC invocations=56 (full 3):
 PSYoungGen      total 19968K, used 4806K [0x00000000d5580000, 0x00000000d6f00000, 0x0000000100000000)
  eden space 14848K, 0% used [0x00000000d5580000,0x00000000d5580000,0x00000000d6400000)
  from space 5120K, 93% used [0x00000000d6400000,0x00000000d68b1b00,0x00000000d6900000)
  to   space 5632K, 0% used [0x00000000d6980000,0x00000000d6980000,0x00000000d6f00000)
 ParOldGen       total 72704K, used 72310K [0x0000000080000000, 0x0000000084700000, 0x00000000d5580000)
  object space 72704K, 99% used [0x0000000080000000,0x000000008469dba0,0x0000000084700000)
 Metaspace       used 66829K, committed 68288K, reserved 1114112K
  class space    used 7067K, committed 7680K, reserved 1048576K
}
Event: 26.748 GC heap before
{Heap before GC invocations=57 (full 3):
 PSYoungGen      total 19968K, used 19654K [0x00000000d5580000, 0x00000000d6f00000, 0x0000000100000000)
  eden space 14848K, 99% used [0x00000000d5580000,0x00000000d63ffff8,0x00000000d6400000)
  from space 5120K, 93% used [0x00000000d6400000,0x00000000d68b1b00,0x00000000d6900000)
  to   space 5632K, 0% used [0x00000000d6980000,0x00000000d6980000,0x00000000d6f00000)
 ParOldGen       total 72704K, used 72310K [0x0000000080000000, 0x0000000084700000, 0x00000000d5580000)
  object space 72704K, 99% used [0x0000000080000000,0x000000008469dba0,0x0000000084700000)
 Metaspace       used 66951K, committed 68352K, reserved 1114112K
  class space    used 7067K, committed 7680K, reserved 1048576K
}
Event: 26.753 GC heap after
{Heap after GC invocations=57 (full 3):
 PSYoungGen      total 15872K, used 544K [0x00000000d5580000, 0x00000000d6a80000, 0x0000000100000000)
  eden space 14848K, 0% used [0x00000000d5580000,0x00000000d5580000,0x00000000d6400000)
  from space 1024K, 53% used [0x00000000d6980000,0x00000000d6a08000,0x00000000d6a80000)
  to   space 2560K, 0% used [0x00000000d6580000,0x00000000d6580000,0x00000000d6800000)
 ParOldGen       total 76288K, used 76277K [0x0000000080000000, 0x0000000084a80000, 0x00000000d5580000)
  object space 76288K, 99% used [0x0000000080000000,0x0000000084a7d690,0x0000000084a80000)
 Metaspace       used 66951K, committed 68352K, reserved 1114112K
  class space    used 7067K, committed 7680K, reserved 1048576K
}
Event: 26.885 GC heap before
{Heap before GC invocations=58 (full 3):
 PSYoungGen      total 15872K, used 15392K [0x00000000d5580000, 0x00000000d6a80000, 0x0000000100000000)
  eden space 14848K, 100% used [0x00000000d5580000,0x00000000d6400000,0x00000000d6400000)
  from space 1024K, 53% used [0x00000000d6980000,0x00000000d6a08000,0x00000000d6a80000)
  to   space 2560K, 0% used [0x00000000d6580000,0x00000000d6580000,0x00000000d6800000)
 ParOldGen       total 76288K, used 76277K [0x0000000080000000, 0x0000000084a80000, 0x00000000d5580000)
  object space 76288K, 99% used [0x0000000080000000,0x0000000084a7d690,0x0000000084a80000)
 Metaspace       used 66982K, committed 68416K, reserved 1114112K
  class space    used 7067K, committed 7680K, reserved 1048576K
}
Event: 26.889 GC heap after
{Heap after GC invocations=58 (full 3):
 PSYoungGen      total 17408K, used 2544K [0x00000000d5580000, 0x00000000d6e00000, 0x0000000100000000)
  eden space 14848K, 0% used [0x00000000d5580000,0x00000000d5580000,0x00000000d6400000)
  from space 2560K, 99% used [0x00000000d6580000,0x00000000d67fc2f0,0x00000000d6800000)
  to   space 5120K, 0% used [0x00000000d6900000,0x00000000d6900000,0x00000000d6e00000)
 ParOldGen       total 77824K, used 77765K [0x0000000080000000, 0x0000000084c00000, 0x00000000d5580000)
  object space 77824K, 99% used [0x0000000080000000,0x0000000084bf1690,0x0000000084c00000)
 Metaspace       used 66982K, committed 68416K, reserved 1114112K
  class space    used 7067K, committed 7680K, reserved 1048576K
}
Event: 27.861 GC heap before
{Heap before GC invocations=59 (full 3):
 PSYoungGen      total 17408K, used 17392K [0x00000000d5580000, 0x00000000d6e00000, 0x0000000100000000)
  eden space 14848K, 100% used [0x00000000d5580000,0x00000000d6400000,0x00000000d6400000)
  from space 2560K, 99% used [0x00000000d6580000,0x00000000d67fc2f0,0x00000000d6800000)
  to   space 5120K, 0% used [0x00000000d6900000,0x00000000d6900000,0x00000000d6e00000)
 ParOldGen       total 77824K, used 77765K [0x0000000080000000, 0x0000000084c00000, 0x00000000d5580000)
  object space 77824K, 99% used [0x0000000080000000,0x0000000084bf1690,0x0000000084c00000)
 Metaspace       used 66998K, committed 68416K, reserved 1114112K
  class space    used 7067K, committed 7680K, reserved 1048576K
}
Event: 27.862 GC heap after
{Heap after GC invocations=59 (full 3):
 PSYoungGen      total 15360K, used 352K [0x00000000d5580000, 0x00000000d6980000, 0x0000000100000000)
  eden space 14848K, 0% used [0x00000000d5580000,0x00000000d5580000,0x00000000d6400000)
  from space 512K, 68% used [0x00000000d6900000,0x00000000d6958000,0x00000000d6980000)
  to   space 2048K, 0% used [0x00000000d6580000,0x00000000d6580000,0x00000000d6780000)
 ParOldGen       total 78336K, used 78132K [0x0000000080000000, 0x0000000084c80000, 0x00000000d5580000)
  object space 78336K, 99% used [0x0000000080000000,0x0000000084c4d0d0,0x0000000084c80000)
 Metaspace       used 66998K, committed 68416K, reserved 1114112K
  class space    used 7067K, committed 7680K, reserved 1048576K
}
Event: 28.252 GC heap before
{Heap before GC invocations=60 (full 3):
 PSYoungGen      total 15360K, used 15200K [0x00000000d5580000, 0x00000000d6980000, 0x0000000100000000)
  eden space 14848K, 100% used [0x00000000d5580000,0x00000000d6400000,0x00000000d6400000)
  from space 512K, 68% used [0x00000000d6900000,0x00000000d6958000,0x00000000d6980000)
  to   space 2048K, 0% used [0x00000000d6580000,0x00000000d6580000,0x00000000d6780000)
 ParOldGen       total 78336K, used 78132K [0x0000000080000000, 0x0000000084c80000, 0x00000000d5580000)
  object space 78336K, 99% used [0x0000000080000000,0x0000000084c4d0d0,0x0000000084c80000)
 Metaspace       used 67041K, committed 68480K, reserved 1114112K
  class space    used 7067K, committed 7680K, reserved 1048576K
}
Event: 28.253 GC heap after
{Heap after GC invocations=60 (full 3):
 PSYoungGen      total 16896K, used 288K [0x00000000d5580000, 0x00000000d6980000, 0x0000000100000000)
  eden space 14848K, 0% used [0x00000000d5580000,0x00000000d5580000,0x00000000d6400000)
  from space 2048K, 14% used [0x00000000d6580000,0x00000000d65c8000,0x00000000d6780000)
  to   space 1024K, 0% used [0x00000000d6880000,0x00000000d6880000,0x00000000d6980000)
 ParOldGen       total 78336K, used 78188K [0x0000000080000000, 0x0000000084c80000, 0x00000000d5580000)
  object space 78336K, 99% used [0x0000000080000000,0x0000000084c5b0d0,0x0000000084c80000)
 Metaspace       used 67041K, committed 68480K, reserved 1114112K
  class space    used 7067K, committed 7680K, reserved 1048576K
}
Event: 34.513 GC heap before
{Heap before GC invocations=61 (full 3):
 PSYoungGen      total 16896K, used 15123K [0x00000000d5580000, 0x00000000d6980000, 0x0000000100000000)
  eden space 14848K, 99% used [0x00000000d5580000,0x00000000d63fcf98,0x00000000d6400000)
  from space 2048K, 14% used [0x00000000d6580000,0x00000000d65c8000,0x00000000d6780000)
  to   space 1024K, 0% used [0x00000000d6880000,0x00000000d6880000,0x00000000d6980000)
 ParOldGen       total 78336K, used 78188K [0x0000000080000000, 0x0000000084c80000, 0x00000000d5580000)
  object space 78336K, 99% used [0x0000000080000000,0x0000000084c5b0d0,0x0000000084c80000)
 Metaspace       used 67468K, committed 68864K, reserved 1114112K
  class space    used 7103K, committed 7680K, reserved 1048576K
}
Event: 34.516 GC heap after
{Heap after GC invocations=61 (full 3):
 PSYoungGen      total 15872K, used 839K [0x00000000d5580000, 0x00000000d6980000, 0x0000000100000000)
  eden space 14848K, 0% used [0x00000000d5580000,0x00000000d5580000,0x00000000d6400000)
  from space 1024K, 81% used [0x00000000d6880000,0x00000000d6951e00,0x00000000d6980000)
  to   space 1024K, 0% used [0x00000000d6780000,0x00000000d6780000,0x00000000d6880000)
 ParOldGen       total 78336K, used 78204K [0x0000000080000000, 0x0000000084c80000, 0x00000000d5580000)
  object space 78336K, 99% used [0x0000000080000000,0x0000000084c5f0d0,0x0000000084c80000)
 Metaspace       used 67468K, committed 68864K, reserved 1114112K
  class space    used 7103K, committed 7680K, reserved 1048576K
}
Event: 37.311 GC heap before
{Heap before GC invocations=62 (full 3):
 PSYoungGen      total 15872K, used 15687K [0x00000000d5580000, 0x00000000d6980000, 0x0000000100000000)
  eden space 14848K, 100% used [0x00000000d5580000,0x00000000d6400000,0x00000000d6400000)
  from space 1024K, 81% used [0x00000000d6880000,0x00000000d6951e00,0x00000000d6980000)
  to   space 1024K, 0% used [0x00000000d6780000,0x00000000d6780000,0x00000000d6880000)
 ParOldGen       total 78336K, used 78204K [0x0000000080000000, 0x0000000084c80000, 0x00000000d5580000)
  object space 78336K, 99% used [0x0000000080000000,0x0000000084c5f0d0,0x0000000084c80000)
 Metaspace       used 67935K, committed 69376K, reserved 1114112K
  class space    used 7141K, committed 7744K, reserved 1048576K
}
Event: 37.314 GC heap after
{Heap after GC invocations=62 (full 3):
 PSYoungGen      total 15360K, used 480K [0x00000000d5580000, 0x00000000d6900000, 0x0000000100000000)
  eden space 14848K, 0% used [0x00000000d5580000,0x00000000d5580000,0x00000000d6400000)
  from space 512K, 93% used [0x00000000d6780000,0x00000000d67f8000,0x00000000d6800000)
  to   space 1024K, 0% used [0x00000000d6800000,0x00000000d6800000,0x00000000d6900000)
 ParOldGen       total 78848K, used 78825K [0x0000000080000000, 0x0000000084d00000, 0x00000000d5580000)
  object space 78848K, 99% used [0x0000000080000000,0x0000000084cfa698,0x0000000084d00000)
 Metaspace       used 67935K, committed 69376K, reserved 1114112K
  class space    used 7141K, committed 7744K, reserved 1048576K
}

